# JRE version: Java(TM) SE Runtime Environment (7.0_40-b43) (build 1.7.0_40-b43)
# Java VM: Java HotSpot(TM) 64-Bit Server VM (24.0-b56 mixed mode linux-amd64 compressed oops)
Heap
 PSYoungGen      total 91648K, used 2720K [0x00000000f5500000, 0x00000000faf80000, 0x0000000100000000)
  eden space 91136K, 2% used [0x00000000f5500000,0x00000000f57a83f0,0x00000000fae00000)
  from space 512K, 0% used [0x00000000fae80000,0x00000000fae80000,0x00000000faf00000)
  to   space 512K, 0% used [0x00000000faf00000,0x00000000faf00000,0x00000000faf80000)
 ParOldGen       total 44032K, used 28066K [0x00000000e0000000, 0x00000000e2b00000, 0x00000000f5500000)
  object space 44032K, 63% used [0x00000000e0000000,0x00000000e1b68aa8,0x00000000e2b00000)
 PSPermGen       total 74752K, used 74635K [0x00000000d0000000, 0x00000000d4900000, 0x00000000e0000000)
  object space 74752K, 99% used [0x00000000d0000000,0x00000000d48e2ed8,0x00000000d4900000)
GC Heap History (10 events):
Event: 44341.803 GC heap before
{Heap before GC invocations=385 (full 180):
 PSYoungGen      total 91648K, used 64K [0x00000000f5500000, 0x00000000faf80000, 0x0000000100000000)
  eden space 91136K, 0% used [0x00000000f5500000,0x00000000f5500000,0x00000000fae00000)
  from space 512K, 12% used [0x00000000fae80000,0x00000000fae90000,0x00000000faf00000)
  to   space 512K, 0% used [0x00000000faf00000,0x00000000faf00000,0x00000000faf80000)
 ParOldGen       total 44032K, used 28066K [0x00000000e0000000, 0x00000000e2b00000, 0x00000000f5500000)
  object space 44032K, 63% used [0x00000000e0000000,0x00000000e1b68aa8,0x00000000e2b00000)
 PSPermGen       total 74752K, used 74627K [0x00000000d0000000, 0x00000000d4900000, 0x00000000e0000000)
  object space 74752K, 99% used [0x00000000d0000000,0x00000000d48e0ee8,0x00000000d4900000)
Event: 44341.911 GC heap after
Heap after GC invocations=385 (full 180):
 PSYoungGen      total 91648K, used 0K [0x00000000f5500000, 0x00000000faf80000, 0x0000000100000000)
  eden space 91136K, 0% used [0x00000000f5500000,0x00000000f5500000,0x00000000fae00000)
  from space 512K, 0% used [0x00000000fae80000,0x00000000fae80000,0x00000000faf00000)
  to   space 512K, 0% used [0x00000000faf00000,0x00000000faf00000,0x00000000faf80000)
 ParOldGen       total 44032K, used 28066K [0x00000000e0000000, 0x00000000e2b00000, 0x00000000f5500000)
  object space 44032K, 63% used [0x00000000e0000000,0x00000000e1b68aa8,0x00000000e2b00000)
 PSPermGen       total 74752K, used 74627K [0x00000000d0000000, 0x00000000d4900000, 0x00000000e0000000)
  object space 74752K, 99% used [0x00000000d0000000,0x00000000d48e0ee8,0x00000000d4900000)
}
Event: 44401.801 GC heap before
{Heap before GC invocations=386 (full 180):
 PSYoungGen      total 91648K, used 976K [0x00000000f5500000, 0x00000000faf80000, 0x0000000100000000)
  eden space 91136K, 1% used [0x00000000f5500000,0x00000000f55f4100,0x00000000fae00000)
  from space 512K, 0% used [0x00000000fae80000,0x00000000fae80000,0x00000000faf00000)
  to   space 512K, 0% used [0x00000000faf00000,0x00000000faf00000,0x00000000faf80000)
 ParOldGen       total 44032K, used 28066K [0x00000000e0000000, 0x00000000e2b00000, 0x00000000f5500000)
  object space 44032K, 63% used [0x00000000e0000000,0x00000000e1b68aa8,0x00000000e2b00000)
 PSPermGen       total 74752K, used 74627K [0x00000000d0000000, 0x00000000d4900000, 0x00000000e0000000)
  object space 74752K, 99% used [0x00000000d0000000,0x00000000d48e0ee8,0x00000000d4900000)
Event: 44401.808 GC heap after
Heap after GC invocations=386 (full 180):
 PSYoungGen      total 91648K, used 64K [0x00000000f5500000, 0x00000000faf80000, 0x0000000100000000)
  eden space 91136K, 0% used [0x00000000f5500000,0x00000000f5500000,0x00000000fae00000)
  from space 512K, 12% used [0x00000000faf00000,0x00000000faf10000,0x00000000faf80000)
  to   space 512K, 0% used [0x00000000fae80000,0x00000000fae80000,0x00000000faf00000)
 ParOldGen       total 44032K, used 28066K [0x00000000e0000000, 0x00000000e2b00000, 0x00000000f5500000)
  object space 44032K, 63% used [0x00000000e0000000,0x00000000e1b68aa8,0x00000000e2b00000)
 PSPermGen       total 74752K, used 74627K [0x00000000d0000000, 0x00000000d4900000, 0x00000000e0000000)
  object space 74752K, 99% used [0x00000000d0000000,0x00000000d48e0ee8,0x00000000d4900000)
}
Event: 44401.808 GC heap before
{Heap before GC invocations=387 (full 181):
 PSYoungGen      total 91648K, used 64K [0x00000000f5500000, 0x00000000faf80000, 0x0000000100000000)
  eden space 91136K, 0% used [0x00000000f5500000,0x00000000f5500000,0x00000000fae00000)
  from space 512K, 12% used [0x00000000faf00000,0x00000000faf10000,0x00000000faf80000)
  to   space 512K, 0% used [0x00000000fae80000,0x00000000fae80000,0x00000000faf00000)
 ParOldGen       total 44032K, used 28066K [0x00000000e0000000, 0x00000000e2b00000, 0x00000000f5500000)
  object space 44032K, 63% used [0x00000000e0000000,0x00000000e1b68aa8,0x00000000e2b00000)
 PSPermGen       total 74752K, used 74627K [0x00000000d0000000, 0x00000000d4900000, 0x00000000e0000000)
  object space 74752K, 99% used [0x00000000d0000000,0x00000000d48e0ee8,0x00000000d4900000)
Event: 44401.916 GC heap after
Heap after GC invocations=387 (full 181):
 PSYoungGen      total 91648K, used 0K [0x00000000f5500000, 0x00000000faf80000, 0x0000000100000000)
  eden space 91136K, 0% used [0x00000000f5500000,0x00000000f5500000,0x00000000fae00000)
  from space 512K, 0% used [0x00000000faf00000,0x00000000faf00000,0x00000000faf80000)
  to   space 512K, 0% used [0x00000000fae80000,0x00000000fae80000,0x00000000faf00000)
 ParOldGen       total 44032K, used 28066K [0x00000000e0000000, 0x00000000e2b00000, 0x00000000f5500000)
  object space 44032K, 63% used [0x00000000e0000000,0x00000000e1b68aa8,0x00000000e2b00000)
 PSPermGen       total 74752K, used 74627K [0x00000000d0000000, 0x00000000d4900000, 0x00000000e0000000)
  object space 74752K, 99% used [0x00000000d0000000,0x00000000d48e0ee8,0x00000000d4900000)
}
Event: 44461.802 GC heap before
{Heap before GC invocations=388 (full 181):
 PSYoungGen      total 91648K, used 976K [0x00000000f5500000, 0x00000000faf80000, 0x0000000100000000)
  eden space 91136K, 1% used [0x00000000f5500000,0x00000000f55f4100,0x00000000fae00000)
  from space 512K, 0% used [0x00000000faf00000,0x00000000faf00000,0x00000000faf80000)
  to   space 512K, 0% used [0x00000000fae80000,0x00000000fae80000,0x00000000faf00000)
 ParOldGen       total 44032K, used 28066K [0x00000000e0000000, 0x00000000e2b00000, 0x00000000f5500000)
  object space 44032K, 63% used [0x00000000e0000000,0x00000000e1b68aa8,0x00000000e2b00000)
 PSPermGen       total 74752K, used 74627K [0x00000000d0000000, 0x00000000d4900000, 0x00000000e0000000)
  object space 74752K, 99% used [0x00000000d0000000,0x00000000d48e0ee8,0x00000000d4900000)
Event: 44461.808 GC heap after
Heap after GC invocations=388 (full 181):
 PSYoungGen      total 91648K, used 96K [0x00000000f5500000, 0x00000000faf80000, 0x0000000100000000)
  eden space 91136K, 0% used [0x00000000f5500000,0x00000000f5500000,0x00000000fae00000)
  from space 512K, 18% used [0x00000000fae80000,0x00000000fae98000,0x00000000faf00000)
  to   space 512K, 0% used [0x00000000faf00000,0x00000000faf00000,0x00000000faf80000)
 ParOldGen       total 44032K, used 28066K [0x00000000e0000000, 0x00000000e2b00000, 0x00000000f5500000)
  object space 44032K, 63% used [0x00000000e0000000,0x00000000e1b68aa8,0x00000000e2b00000)
 PSPermGen       total 74752K, used 74627K [0x00000000d0000000, 0x00000000d4900000, 0x00000000e0000000)
  object space 74752K, 99% used [0x00000000d0000000,0x00000000d48e0ee8,0x00000000d4900000)
}
Event: 44461.808 GC heap before
{Heap before GC invocations=389 (full 182):
 PSYoungGen      total 91648K, used 96K [0x00000000f5500000, 0x00000000faf80000, 0x0000000100000000)
  eden space 91136K, 0% used [0x00000000f5500000,0x00000000f5500000,0x00000000fae00000)
  from space 512K, 18% used [0x00000000fae80000,0x00000000fae98000,0x00000000faf00000)
  to   space 512K, 0% used [0x00000000faf00000,0x00000000faf00000,0x00000000faf80000)
 ParOldGen       total 44032K, used 28066K [0x00000000e0000000, 0x00000000e2b00000, 0x00000000f5500000)
  object space 44032K, 63% used [0x00000000e0000000,0x00000000e1b68aa8,0x00000000e2b00000)
 PSPermGen       total 74752K, used 74627K [0x00000000d0000000, 0x00000000d4900000, 0x00000000e0000000)
  object space 74752K, 99% used [0x00000000d0000000,0x00000000d48e0ee8,0x00000000d4900000)
Event: 44461.940 GC heap after
Heap after GC invocations=389 (full 182):
 PSYoungGen      total 91648K, used 0K [0x00000000f5500000, 0x00000000faf80000, 0x0000000100000000)
  eden space 91136K, 0% used [0x00000000f5500000,0x00000000f5500000,0x00000000fae00000)
  from space 512K, 0% used [0x00000000fae80000,0x00000000fae80000,0x00000000faf00000)
  to   space 512K, 0% used [0x00000000faf00000,0x00000000faf00000,0x00000000faf80000)
 ParOldGen       total 44032K, used 28066K [0x00000000e0000000, 0x00000000e2b00000, 0x00000000f5500000)
  object space 44032K, 63% used [0x00000000e0000000,0x00000000e1b68aa8,0x00000000e2b00000)
 PSPermGen       total 74752K, used 74627K [0x00000000d0000000, 0x00000000d4900000, 0x00000000e0000000)
  object space 74752K, 99% used [0x00000000d0000000,0x00000000d48e0ee8,0x00000000d4900000)
}

